Using pre-set license
Built from '2020.3/staging' branch; Version is '2020.3.11f1 (99c7afb366b3) revision 10078127'; Using compiler version '192528614'; Build Type 'Release'
OS: 'Windows 10 Home; OS build 19042.985; Version 2009; 64bit' Language: 'en' Physical Memory: 32682 MB
BatchMode: 1, IsHumanControllingUs: 0, StartBugReporterOnCrash: 0, Is64bit: 1, IsPro: 0

 COMMAND LINE ARGUMENTS:
C:\Program Files\2020.3.11f1\Editor\Unity.exe
-adb2
-batchMode
-noUpm
-name
AssetImportWorker0
-projectPath
C:/Users/iyad/Documents/GitHub/gameworkproject/gameWork-First-2D-Game
-logFile
Logs/AssetImportWorker0.log
-srvPort
57721
Successfully changed project path to: C:/Users/iyad/Documents/GitHub/gameworkproject/gameWork-First-2D-Game
C:/Users/iyad/Documents/GitHub/gameworkproject/gameWork-First-2D-Game
Using Asset Import Pipeline V2.
Refreshing native plugins compatible for Editor in 41.87 ms, found 3 plugins.
Preloading 0 native plugins for Editor in 0.00 ms.
Initialize engine version: 2020.3.11f1 (99c7afb366b3)
[Subsystems] Discovering subsystems at path C:/Program Files/2020.3.11f1/Editor/Data/Resources/UnitySubsystems
[Subsystems] Discovering subsystems at path C:/Users/iyad/Documents/GitHub/gameworkproject/gameWork-First-2D-Game/Assets
GfxDevice: creating device client; threaded=0
Direct3D:
    Version:  Direct3D 11.0 [level 11.1]
    Renderer: AMD Radeon Pro W5700 (ID=0x7312)
    Vendor:   
    VRAM:     8148 MB
    Driver:   27.20.11027.5002
Initialize mono
Mono path[0] = 'C:/Program Files/2020.3.11f1/Editor/Data/Managed'
Mono path[1] = 'C:/Program Files/2020.3.11f1/Editor/Data/MonoBleedingEdge/lib/mono/unityjit'
Mono config path = 'C:/Program Files/2020.3.11f1/Editor/Data/MonoBleedingEdge/etc'
Using monoOptions --debugger-agent=transport=dt_socket,embedding=1,server=y,suspend=n,address=127.0.0.1:56708
Begin MonoManager ReloadAssembly
Registering precompiled unity dll's ...
Register platform support module: C:/Program Files/2020.3.11f1/Editor/Data/PlaybackEngines/WebGLSupport/UnityEditor.WebGL.Extensions.dll
Register platform support module: C:/Program Files/2020.3.11f1/Editor/Data/PlaybackEngines/WindowsStandaloneSupport/UnityEditor.WindowsStandalone.Extensions.dll
Registered in 0.002001 seconds.
Native extension for WindowsStandalone target not found
Native extension for WebGL target not found
Refreshing native plugins compatible for Editor in 40.20 ms, found 3 plugins.
Preloading 0 native plugins for Editor in 0.00 ms.
Mono: successfully reloaded assembly
- Completed reload, in  1.734 seconds
Platform modules already initialized, skipping
Registering precompiled user dll's ...
Registered in 0.003464 seconds.
Begin MonoManager ReloadAssembly
Native extension for WindowsStandalone target not found
Native extension for WebGL target not found
Refreshing native plugins compatible for Editor in 39.71 ms, found 3 plugins.
Preloading 0 native plugins for Editor in 0.00 ms.
Mono: successfully reloaded assembly
- Completed reload, in  0.923 seconds
Platform modules already initialized, skipping
========================================================================
Worker process is ready to serve import requests
Launched and connected shader compiler UnityShaderCompiler.exe after 0.04 seconds
Refreshing native plugins compatible for Editor in 0.55 ms, found 3 plugins.
Preloading 0 native plugins for Editor in 0.00 ms.
Unloading 2165 Unused Serialized files (Serialized files now loaded: 0)
System memory in use before: 97.3 MB.
System memory in use after: 97.3 MB.

Unloading 32 unused Assets to reduce memory usage. Loaded Objects now: 2600.
Total: 2.484300 ms (FindLiveObjects: 0.225100 ms CreateObjectMapping: 0.049200 ms MarkObjects: 2.083200 ms  DeleteObjects: 0.125400 ms)

========================================================================
Received Import Request.
  path: Assets/CreatorKitRPG_Third-PartyNotice.txt
  artifactKey: Guid(b224965e0f4d3ef4a8ab4ab136c6885e) Importer(815301076,1909f56bfc062723c751e8b465ee728b)
Start importing Assets/CreatorKitRPG_Third-PartyNotice.txt using Guid(b224965e0f4d3ef4a8ab4ab136c6885e) Importer(815301076,1909f56bfc062723c751e8b465ee728b)  -> (artifact id: 'a20ec9b667ebdb6e9c5d98cef12f577a') in 0.027143 seconds
  Import took 0.030324 seconds .

========================================================================
Received Import Request.
  Time since last request: 0.000189 seconds.
  path: Assets/Creator Kit - RPG
  artifactKey: Guid(1e891b8029d454c93a95feb56e9901c3) Importer(815301076,1909f56bfc062723c751e8b465ee728b)
Start importing Assets/Creator Kit - RPG using Guid(1e891b8029d454c93a95feb56e9901c3) Importer(815301076,1909f56bfc062723c751e8b465ee728b)  -> (artifact id: 'e5636e9f09c9af46d2675d6ca2166248') in 0.001929 seconds
  Import took 0.005148 seconds .

========================================================================
Received Import Request.
  Time since last request: 21.079374 seconds.
  path: Assets/Creator Kit - RPG/Art
  artifactKey: Guid(3f997c216393145e0a5f22a43a0da0c0) Importer(815301076,1909f56bfc062723c751e8b465ee728b)
Start importing Assets/Creator Kit - RPG/Art using Guid(3f997c216393145e0a5f22a43a0da0c0) Importer(815301076,1909f56bfc062723c751e8b465ee728b)  -> (artifact id: '1d09695b545ff249feb13e73141b8000') in 0.002037 seconds
  Import took 0.005051 seconds .

========================================================================
Received Import Request.
  Time since last request: 1.219744 seconds.
  path: Assets/Creator Kit - RPG/Art/Sprites
  artifactKey: Guid(41c83a1bfc4964a3ca4b3120a0ae491f) Importer(815301076,1909f56bfc062723c751e8b465ee728b)
Start importing Assets/Creator Kit - RPG/Art/Sprites using Guid(41c83a1bfc4964a3ca4b3120a0ae491f) Importer(815301076,1909f56bfc062723c751e8b465ee728b)  -> (artifact id: 'e4e0ef8f3255618837da0b5f9e31012a') in 0.001881 seconds
  Import took 0.005078 seconds .

========================================================================
Received Import Request.
  Time since last request: 2.398415 seconds.
  path: Assets/Creator Kit - RPG/Art/Sprites/Environment
  artifactKey: Guid(66542f97cde2db34d8edbeabef48f6f3) Importer(815301076,1909f56bfc062723c751e8b465ee728b)
Start importing Assets/Creator Kit - RPG/Art/Sprites/Environment using Guid(66542f97cde2db34d8edbeabef48f6f3) Importer(815301076,1909f56bfc062723c751e8b465ee728b)  -> (artifact id: '7268586f0d1b4ca4868bcc1e0f530264') in 0.002000 seconds
  Import took 0.004993 seconds .

========================================================================
Received Import Request.
  Time since last request: 0.045393 seconds.
  path: Assets/Creator Kit - RPG/Art/Sprites/Environment/Cloud1.png
  artifactKey: Guid(3dd7a0a47117acb40adbfe0778729b81) Importer(815301076,1909f56bfc062723c751e8b465ee728b)
Start importing Assets/Creator Kit - RPG/Art/Sprites/Environment/Cloud1.png using Guid(3dd7a0a47117acb40adbfe0778729b81) Importer(815301076,1909f56bfc062723c751e8b465ee728b)  -> (artifact id: 'cea13e1d27b3cea619034b070b1cbdaf') in 0.057638 seconds
  Import took 0.060906 seconds .

========================================================================
Received Import Request.
  Time since last request: 0.000175 seconds.
  path: Assets/Creator Kit - RPG/Art/Sprites/Environment/Cloud2.png
  artifactKey: Guid(8770f05271826164aadd939d4728d3a1) Importer(815301076,1909f56bfc062723c751e8b465ee728b)
Start importing Assets/Creator Kit - RPG/Art/Sprites/Environment/Cloud2.png using Guid(8770f05271826164aadd939d4728d3a1) Importer(815301076,1909f56bfc062723c751e8b465ee728b)  -> (artifact id: '68478b11872e411184544f87619afd5c') in 0.013113 seconds
  Import took 0.016191 seconds .

========================================================================
Received Import Request.
  Time since last request: 0.000200 seconds.
  path: Assets/Creator Kit - RPG/Art/Sprites/Environment/Fence.png
  artifactKey: Guid(a53d2c44340a6d14ea260ceefba9a1e8) Importer(815301076,1909f56bfc062723c751e8b465ee728b)
Start importing Assets/Creator Kit - RPG/Art/Sprites/Environment/Fence.png using Guid(a53d2c44340a6d14ea260ceefba9a1e8) Importer(815301076,1909f56bfc062723c751e8b465ee728b)  -> (artifact id: 'b863e2fdf29b9b7b8795bf65b2506fcd') in 0.027177 seconds
  Import took 0.030346 seconds .

========================================================================
Received Import Request.
  Time since last request: 0.000172 seconds.
  path: Assets/Creator Kit - RPG/Art/Sprites/Environment/static environment objects.png
  artifactKey: Guid(e10c13642d970a64cbfb16f898fcd46c) Importer(815301076,1909f56bfc062723c751e8b465ee728b)
Start importing Assets/Creator Kit - RPG/Art/Sprites/Environment/static environment objects.png using Guid(e10c13642d970a64cbfb16f898fcd46c) Importer(815301076,1909f56bfc062723c751e8b465ee728b)  -> (artifact id: 'ff927708f3e7977f43bd708552a05661') in 0.013888 seconds
  Import took 0.016988 seconds .

========================================================================
Received Import Request.
  Time since last request: 0.000172 seconds.
  path: Assets/Creator Kit - RPG/Art/Sprites/Environment/Cloud3.png
  artifactKey: Guid(f3fd60347f10d1f46aa6495101e7de38) Importer(815301076,1909f56bfc062723c751e8b465ee728b)
Start importing Assets/Creator Kit - RPG/Art/Sprites/Environment/Cloud3.png using Guid(f3fd60347f10d1f46aa6495101e7de38) Importer(815301076,1909f56bfc062723c751e8b465ee728b)  -> (artifact id: 'ba032185756071d2b1493ce9b6748af1') in 0.009440 seconds
  Import took 0.012645 seconds .

========================================================================
Received Import Request.
  Time since last request: 0.000172 seconds.
  path: Assets/Creator Kit - RPG/Art/Sprites/Environment/Pipeline_Walkpath.png
  artifactKey: Guid(4567a16d0e0692048b18bfbb59a5b426) Importer(815301076,1909f56bfc062723c751e8b465ee728b)
Start importing Assets/Creator Kit - RPG/Art/Sprites/Environment/Pipeline_Walkpath.png using Guid(4567a16d0e0692048b18bfbb59a5b426) Importer(815301076,1909f56bfc062723c751e8b465ee728b)  -> (artifact id: 'e4b8958593ef9ca2397ebdf18b6ed9f3') in 0.021413 seconds
  Import took 0.024103 seconds .

========================================================================
Received Import Request.
  Time since last request: 0.000173 seconds.
  path: Assets/Creator Kit - RPG/Art/Sprites/Environment/Pipeline_StoneWalkpath.png
  artifactKey: Guid(b2cf06612d923d6438d12b0d3a2c7ecc) Importer(815301076,1909f56bfc062723c751e8b465ee728b)
Start importing Assets/Creator Kit - RPG/Art/Sprites/Environment/Pipeline_StoneWalkpath.png using Guid(b2cf06612d923d6438d12b0d3a2c7ecc) Importer(815301076,1909f56bfc062723c751e8b465ee728b)  -> (artifact id: 'bd1164628485890b303f9a95d83aae65') in 0.020599 seconds
  Import took 0.023305 seconds .

========================================================================
Received Prepare
Registering precompiled user dll's ...
Registered in 0.003603 seconds.
Begin MonoManager ReloadAssembly
Native extension for WindowsStandalone target not found
Native extension for WebGL target not found
Refreshing native plugins compatible for Editor in 0.54 ms, found 3 plugins.
Preloading 0 native plugins for Editor in 0.00 ms.
Mono: successfully reloaded assembly
- Completed reload, in  0.822 seconds
Platform modules already initialized, skipping
Refreshing native plugins compatible for Editor in 0.57 ms, found 3 plugins.
Preloading 0 native plugins for Editor in 0.00 ms.
Unloading 2147 Unused Serialized files (Serialized files now loaded: 0)
System memory in use before: 99.1 MB.
System memory in use after: 99.0 MB.

Unloading 21 unused Assets to reduce memory usage. Loaded Objects now: 2612.
Total: 2.582200 ms (FindLiveObjects: 0.241900 ms CreateObjectMapping: 0.054100 ms MarkObjects: 2.167500 ms  DeleteObjects: 0.117500 ms)

========================================================================
Received Prepare
Registering precompiled user dll's ...
Registered in 0.003679 seconds.
Begin MonoManager ReloadAssembly
Native extension for WindowsStandalone target not found
Native extension for WebGL target not found
Refreshing native plugins compatible for Editor in 0.47 ms, found 3 plugins.
Preloading 0 native plugins for Editor in 0.00 ms.
Mono: successfully reloaded assembly
- Completed reload, in  0.818 seconds
Platform modules already initialized, skipping
Refreshing native plugins compatible for Editor in 0.68 ms, found 3 plugins.
Preloading 0 native plugins for Editor in 0.00 ms.
Unloading 2147 Unused Serialized files (Serialized files now loaded: 0)
System memory in use before: 99.1 MB.
System memory in use after: 99.1 MB.

Unloading 21 unused Assets to reduce memory usage. Loaded Objects now: 2616.
Total: 2.350300 ms (FindLiveObjects: 0.234300 ms CreateObjectMapping: 0.049700 ms MarkObjects: 1.947500 ms  DeleteObjects: 0.117400 ms)

========================================================================
Received Prepare
Registering precompiled user dll's ...
Registered in 0.004175 seconds.
Begin MonoManager ReloadAssembly
Native extension for WindowsStandalone target not found
Native extension for WebGL target not found
Refreshing native plugins compatible for Editor in 0.59 ms, found 3 plugins.
Preloading 0 native plugins for Editor in 0.00 ms.
Mono: successfully reloaded assembly
- Completed reload, in  0.861 seconds
Platform modules already initialized, skipping
Refreshing native plugins compatible for Editor in 0.59 ms, found 3 plugins.
Preloading 0 native plugins for Editor in 0.00 ms.
Unloading 2147 Unused Serialized files (Serialized files now loaded: 0)
System memory in use before: 99.1 MB.
System memory in use after: 99.1 MB.

Unloading 21 unused Assets to reduce memory usage. Loaded Objects now: 2620.
Total: 2.279200 ms (FindLiveObjects: 0.226100 ms CreateObjectMapping: 0.049700 ms MarkObjects: 1.852200 ms  DeleteObjects: 0.149800 ms)

AssetImportWorkerClient::OnTransportError - code=2 error=End of file
